<?xml version="1.0" encoding="UTF-8"?>
<!-- Generated by org.testng.reporters.JUnitReportReporter -->
<testsuite hostname="DESKTOP-P8MFANV" failures="0" tests="1" name="testscripts.Qalegenduserstest" time="23.896" errors="0" timestamp="2025-03-13T22:14:33 IST" skipped="0">
  <testcase classname="testscripts.Qalegenduserstest" name="deleteAUser" time="23.896"/>
  <system-out/>
</testsuite> <!-- testscripts.Qalegenduserstest -->
