<?xml version="1.0" encoding="UTF-8"?>
<!-- Generated by org.testng.reporters.JUnitReportReporter -->
<testsuite hostname="DESKTOP-P8MFANV" failures="0" tests="1" name="testscripts.Qalegenduserstest" time="37.607" errors="0" timestamp="2025-03-07T20:25:40 IST" skipped="0">
  <testcase classname="testscripts.Qalegenduserstest" name="deleteAUser" time="37.607"/>
  <system-out/>
</testsuite> <!-- testscripts.Qalegenduserstest -->
